
R version 3.6.1 (2019-07-05) -- "Action of the Toes"
Copyright (C) 2019 The R Foundation for Statistical Computing
Platform: x86_64-w64-mingw32/x64 (64-bit)

R is free software and comes with ABSOLUTELY NO WARRANTY.
You are welcome to redistribute it under certain conditions.
Type 'license()' or 'licence()' for distribution details.

  Natural language support but running in an English locale

R is a collaborative project with many contributors.
Type 'contributors()' for more information and
'citation()' on how to cite R or R packages in publications.

Type 'demo()' for some demos, 'help()' for on-line help, or
'help.start()' for an HTML browser interface to help.
Type 'q()' to quit R.

> ###
> #####   R SCRIPT for Analysis of
> ###   
> #####   1) FIXATION COUNT on AOIs (especially EYES)
> #####   2) DWELL TIME on AOIs (especially EYES)
> #####   3) FREQUENCY OF INITIAL FIXATION after stimulus onset on AOIs (especially EYES)
> #####   4) NUMBER OF TRANSITIONS BETWEEN AOIs
> #####   >> checking proportion of fixations within AOIs
> ###
> 
> 
> # >> general preparations -------------------------------------------------------
> 
> # setwd("~/Documents/Projekty/faces/src/tutorial_etra18")
> source('customFunc.R') # load custom functions
> source("lrheatmap.R") # load custom functions
> load.libraries(c('sciplot', 'afex', 'knitr'))
