
R version 3.5.0 (2018-04-23) -- "Joy in Playing"
Copyright (C) 2018 The R Foundation for Statistical Computing
Platform: x86_64-w64-mingw32/x64 (64-bit)

R is free software and comes with ABSOLUTELY NO WARRANTY.
You are welcome to redistribute it under certain conditions.
Type 'license()' or 'licence()' for distribution details.

  Natural language support but running in an English locale

R is a collaborative project with many contributors.
Type 'contributors()' for more information and
'citation()' on how to cite R or R packages in publications.

Type 'demo()' for some demos, 'help()' for on-line help, or
'help.start()' for an HTML browser interface to help.
Type 'q()' to quit R.

> library(RColorBrewer)
> library(colorspace)
> library(sciplot)
> library(psych)
> library(car)
> library(reshape)
> library(plyr)
> library(ggplot2)
> 
> #subj,stimulus,timestamp,x,y,duration,prev_sacc_amplitude,aoi_label
> df = read.table("fxtn-aois.csv",sep=",",header=TRUE)
> 
> df$subj <- factor(df$subj)
> df$stimulus <- factor(df$stimulus)
> df$aoi_label <- factor(df$aoi_label)
> 
> attach(df)
> 
> fit_type1 <- aov(duration ~ (stimulus * aoi_label) + Error(subj/(stimulus)))
> #fit_type1 <- aov(duration ~ (stimulus * aoi_label))
> summary(fit_type1)

Error: subj
         Df Sum Sq Mean Sq
stimulus  2    2.9    1.45

Error: subj:stimulus
          Df Sum Sq Mean Sq F value Pr(>F)
stimulus   3 2.3936  0.7979   3.802  0.215
aoi_label  4 0.3594  0.0898   0.428  0.787
Residuals  2 0.4198  0.2099               

Error: Within
            Df Sum Sq Mean Sq F value Pr(>F)
aoi_label    9   0.11 0.01243   0.328  0.966
Residuals 1222  46.29 0.03788               
> #print(model.tables(fit_type1,"means"),digits=3)
> pairwise.t.test(duration, stimulus, paired=FALSE, p.adjust="bonf")

	Pairwise comparisons using t tests with pooled SD 

data:  duration and stimulus 

      calibration page1 page2
page1 3.0e-14     -     -    
page2 4.0e-10     1     -    
page3 5.7e-06     1     1    

P value adjustment method: bonferroni 
> describeBy(x=duration,group=stimulus)

 Descriptive statistics by group 
group: calibration
   vars   n mean   sd median trimmed  mad  min  max range skew kurtosis   se
X1    1 236 0.26 0.36   0.13    0.18 0.15 0.01 2.42   2.4 2.64     8.44 0.02
------------------------------------------------------------ 
group: page1
   vars   n mean   sd median trimmed mad  min  max range skew kurtosis   se
X1    1 601 0.14 0.13    0.1    0.12 0.1 0.01 1.03  1.02 2.34     8.97 0.01
------------------------------------------------------------ 
group: page2
   vars   n mean   sd median trimmed  mad  min  max range skew kurtosis   se
X1    1 288 0.14 0.13   0.12    0.12 0.12 0.01 0.85  0.84 2.05      5.7 0.01
------------------------------------------------------------ 
group: page3
   vars   n mean   sd median trimmed mad  min  max range skew kurtosis   se
X1    1 118 0.15 0.18   0.11    0.11 0.1 0.01 1.26  1.25 3.67    16.48 0.02
> 
> pdf.options(family="NimbusSan",useDingbats=FALSE)
> plotName = "./duration-CI.pdf"
> pdf(plotName)
> bargraph.CI(stimulus,
+             duration,
+             group=aoi_label,
+             data=df,
+             split = FALSE,
+             col = "black",
+             angle = c(45,45),
+             density = c(0,20),
+             lc = FALSE,
+             uc = TRUE,
+             legend = TRUE,
+ #           ylim = c(0,40),
+             xlab = "Stimulus",
+             ylab = "Fixation Duration (sec; with SE)",
+             cex.lab = 1.2,
+             names.arg = c("painting","puntos"),
+             cex.names = 1.1,
+             main = "Fixation Duration in AOIs vs. Image Type"
+ )
