
R version 3.6.1 (2019-07-05) -- "Action of the Toes"
Copyright (C) 2019 The R Foundation for Statistical Computing
Platform: x86_64-w64-mingw32/x64 (64-bit)

R is free software and comes with ABSOLUTELY NO WARRANTY.
You are welcome to redistribute it under certain conditions.
Type 'license()' or 'licence()' for distribution details.

  Natural language support but running in an English locale

R is a collaborative project with many contributors.
Type 'contributors()' for more information and
'citation()' on how to cite R or R packages in publications.

Type 'demo()' for some demos, 'help()' for on-line help, or
'help.start()' for an HTML browser interface to help.
Type 'q()' to quit R.

> ###
> #####   R SCRIPT for Analysis of
> ###   
> #####   - K coefficient
> #####   => ambient/focal
> ###
> 
> 
> 
> # >> general preparations -------------------------------------------------------
> source('customFunc.R')
> load.libraries(c('afex','sciplot','knitr'))
[1] "Loaded packages: "
 [1] "knitr"     "sciplot"   "afex"      "lme4"      "Matrix"    "stats"    
 [7] "graphics"  "grDevices" "utils"     "datasets"  "methods"   "base"     
> 
> pdf.options(family="NimbusSan",useDingbats=FALSE)
> 
> 
> 
> # 1) mean K coefficient (effect of ttype) ----------------------------------------------------------------
> 
> df <- read.csv("amfo.csv") # open data
> head(df)
[1] subj      group     block     trial     task      ftype     ttype    
[8] timestamp K        
<0 rows> (or 0-length row.names)
> str(df)
'data.frame':	0 obs. of  9 variables:
 $ subj     : logi 
 $ group    : logi 
 $ block    : logi 
 $ trial    : logi 
 $ task     : logi 
 $ ftype    : logi 
 $ ttype    : logi 
 $ timestamp: logi 
 $ K        : logi 
> # boxplot(df$K ~ df$subj)
> # boxplot(df$K ~ df$ttype)
> 
> d1 <- aggregate(df[ ,9], by = list(df$subj, df$ttype, df$block, df$trial), FUN = mean)
